{"/Users/chenyan/Office/Webpack/webpack-puppy/lib/webpack.base.js":{"path":"/Users/chenyan/Office/Webpack/webpack-puppy/lib/webpack.base.js","s":{"1":1,"2":1,"3":1,"4":1,"5":1,"6":1,"7":1,"8":1,"9":1,"10":1,"11":1,"12":1,"13":0,"14":0,"15":0,"16":0,"17":1,"18":1,"19":1,"20":1},"b":{"1":[0,1]},"f":{},"fnMap":{},"statementMap":{"1":{"start":{"line":1,"column":0},"end":{"line":1,"column":29}},"2":{"start":{"line":2,"column":0},"end":{"line":2,"column":64}},"3":{"start":{"line":3,"column":0},"end":{"line":3,"column":57}},"4":{"start":{"line":4,"column":0},"end":{"line":4,"column":63}},"5":{"start":{"line":5,"column":0},"end":{"line":5,"column":52}},"6":{"start":{"line":6,"column":0},"end":{"line":6,"column":45}},"7":{"start":{"line":7,"column":0},"end":{"line":7,"column":29}},"8":{"start":{"line":9,"column":0},"end":{"line":9,"column":33}},"9":{"start":{"line":10,"column":0},"end":{"line":33,"column":2}},"10":{"start":{"line":11,"column":4},"end":{"line":11,"column":21}},"11":{"start":{"line":12,"column":4},"end":{"line":12,"column":84}},"12":{"start":{"line":13,"column":4},"end":{"line":27,"column":7}},"13":{"start":{"line":14,"column":8},"end":{"line":14,"column":64}},"14":{"start":{"line":15,"column":8},"end":{"line":15,"column":37}},"15":{"start":{"line":16,"column":8},"end":{"line":16,"column":45}},"16":{"start":{"line":17,"column":8},"end":{"line":26,"column":11}},"17":{"start":{"line":29,"column":4},"end":{"line":32,"column":6}},"18":{"start":{"line":35,"column":0},"end":{"line":35,"column":36}},"19":{"start":{"line":37,"column":0},"end":{"line":37,"column":28}},"20":{"start":{"line":38,"column":0},"end":{"line":106,"column":2}}},"branchMap":{"1":{"line":72,"type":"cond-expr","locations":[{"start":{"line":72,"column":43},"end":{"line":74,"column":21}},{"start":{"line":74,"column":24},"end":{"line":74,"column":38}}]}}}}